{"level":"info","msg":"Search DefaultConfig from : /Users/ivan/go/src/github.com/buildboxapp/services/sample/ini","name":"","srv":"service","time":"2020-04-21T11:43:10+03:00","uid":""}
{"level":"warning","msg":"Warning! The default configuration directory was not found.","name":"","srv":"service","time":"2020-04-21T11:43:10+03:00","uid":""}
{"error":"open /Users/ivan/go/src/github.com/buildboxapp/services/sample/ini/.json: no such file or directory","level":"error","msg":"Reading file configuration is fail: ","name":"","srv":"service","time":"2020-04-21T11:43:10+03:00","uid":""}
{"level":"info","msg":"Search DefaultConfig from : /Users/ivan/go/src/github.com/buildboxapp/services/sample/ini","name":"","srv":"service","time":"2020-04-21T20:06:18+03:00","uid":""}
{"level":"warning","msg":"Warning! The default configuration directory was not found.","name":"","srv":"service","time":"2020-04-21T20:06:18+03:00","uid":""}
{"error":"open /Users/ivan/go/src/github.com/buildboxapp/services/sample/ini/2020-04-18T11-29-38z03-00-63b87e.json: no such file or directory","level":"error","msg":"Reading file configuration is fail: 2020-04-18T11-29-38z03-00-63b87e","name":"","srv":"service","time":"2020-04-21T20:06:18+03:00","uid":""}
{"level":"info","msg":"Search DefaultConfig from : /Users/ivan/go/src/github.com/buildboxapp/services/sample/ini","name":"","srv":"service","time":"2020-04-21T20:06:34+03:00","uid":""}
{"level":"warning","msg":"Warning! The default configuration directory was not found.","name":"","srv":"service","time":"2020-04-21T20:06:34+03:00","uid":""}
{"error":"open /Users/ivan/go/src/github.com/buildboxapp/services/sample/../../2020-04-18T11-29-38z03-00-63b87e: no such file or directory","level":"error","msg":"Reading file configuration is fail: ../../2020-04-18T11-29-38z03-00-63b87e","name":"","srv":"service","time":"2020-04-21T20:06:34+03:00","uid":""}
{"level":"info","msg":"Search DefaultConfig from : /Users/ivan/go/src/github.com/buildboxapp/services/sample/ini","name":"","srv":"service","time":"2020-04-21T20:06:42+03:00","uid":""}
{"level":"warning","msg":"Warning! The default configuration directory was not found.","name":"","srv":"service","time":"2020-04-21T20:06:42+03:00","uid":""}
{"error":"open /Users/ivan/go/src/github.com/buildboxapp/services/sample/../../ini/2020-04-18T11-29-38z03-00-63b87e: no such file or directory","level":"error","msg":"Reading file configuration is fail: ../../ini/2020-04-18T11-29-38z03-00-63b87e","name":"","srv":"service","time":"2020-04-21T20:06:42+03:00","uid":""}
{"level":"info","msg":"Search DefaultConfig from : /Users/ivan/go/src/github.com/buildboxapp/services/sample/ini","name":"","srv":"service","time":"2020-04-21T20:06:47+03:00","uid":""}
{"level":"warning","msg":"Warning! The default configuration directory was not found.","name":"","srv":"service","time":"2020-04-21T20:06:47+03:00","uid":""}
{"error":"open /Users/ivan/go/src/github.com/buildboxapp/services/sample/../../ini/2020-04-18T11-29-38z03-00-63b87e.json: no such file or directory","level":"error","msg":"Reading file configuration is fail: ../../ini/2020-04-18T11-29-38z03-00-63b87e.json","name":"","srv":"service","time":"2020-04-21T20:06:47+03:00","uid":""}
{"level":"info","msg":"Search DefaultConfig from : /Users/ivan/go/src/github.com/buildboxapp/services/sample/ini","name":"","srv":"service","time":"2020-04-21T20:07:07+03:00","uid":""}
{"level":"warning","msg":"Warning! The default configuration directory was not found.","name":"","srv":"service","time":"2020-04-21T20:07:07+03:00","uid":""}
{"level":"info","msg":"Starting service: 8011","name":"","srv":"service","time":"2020-04-21T20:07:08+03:00","uid":""}
{"error":"invalid argument","level":"fatal","msg":"Error calculation RootDir. File: /Users/ivan/go/src/github.com/buildboxapp/services/yandex.pay/yandex.pay","name":"","srv":"service","time":"2020-08-09T14:57:59+03:00","uid":""}
{"error":"invalid argument","level":"fatal","msg":"Error calculation RootDir. File: /Users/ivan/go/src/github.com/buildboxapp/services/yandex.pay/yandex.pay","name":"","srv":"service","time":"2020-08-09T14:58:19+03:00","uid":""}
{"level":"info","msg":"Search DefaultConfig from : /Users/ivan/go/src/github.com/buildboxapp/services/yandex.pay/ini","name":"","srv":"service","time":"2020-08-16T10:38:27+03:00","uid":""}
{"level":"warning","msg":"Warning! The default configuration directory was not found.","name":"","srv":"service","time":"2020-08-16T10:38:27+03:00","uid":""}
{"level":"info","msg":"Search DefaultConfig from : /Users/ivan/go/src/github.com/buildboxapp/services/yandex.pay/ini","name":"","srv":"service","time":"2020-08-16T10:38:54+03:00","uid":""}
{"level":"warning","msg":"Warning! The default configuration directory was not found.","name":"","srv":"service","time":"2020-08-16T10:38:54+03:00","uid":""}
